<?xml version="1.0" encoding="UTF-8"?>
<testsuite xmlns:xsi="http://www.w3.org/2001/XMLSchema-instance" xsi:noNamespaceSchemaLocation="https://maven.apache.org/surefire/maven-surefire-plugin/xsd/surefire-test-report.xsd" version="3.0.2" name="com.example.booking.controller.MessageControllerTest" time="0.158" tests="1" errors="0" skipped="0" failures="0">
  <properties>
[...]
</properties>
  <testcase name="testSendMessage" classname="com.example.booking.controller.MessageControllerTest" time="0.156">
    <system-out><![CDATA[2025-04-11T22:40:11.030+02:00  INFO 24876 --- [booking-service] [           main] c.e.b.controller.MessageController       : GET request received to send a test message
2025-04-11T22:40:11.037+02:00  INFO 24876 --- [booking-service] [           main] c.e.b.controller.MessageController       : Message sent successfully
]]></system-out>
  </testcase>
</testsuite>