<?xml version="1.0" encoding="UTF-8"?>
<testsuite xmlns:xsi="http://www.w3.org/2001/XMLSchema-instance" xsi:noNamespaceSchemaLocation="https://maven.apache.org/surefire/maven-surefire-plugin/xsd/surefire-test-report.xsd" version="3.0.2" name="com.example.booking.BookingServiceApplicationTests" time="4.039" tests="1" errors="0" skipped="0" failures="0">
  <properties>
[...]
</properties>
  <testcase name="contextLoads" classname="com.example.booking.BookingServiceApplicationTests" time="0.412">
    <system-out><![CDATA[22:40:06.987 [main] INFO org.springframework.test.context.support.AnnotationConfigContextLoaderUtils -- Could not detect default configuration classes for test class [com.example.booking.BookingServiceApplicationTests]: BookingServiceApplicationTests does not declare any static, non-private, non-final, nested classes annotated with @Configuration.
22:40:07.128 [main] INFO org.springframework.boot.test.context.SpringBootTestContextBootstrapper -- Found @SpringBootConfiguration com.example.booking.BookingApplication for test class com.example.booking.BookingServiceApplicationTests
22:40:07.324 [main] INFO org.springframework.boot.devtools.restart.RestartApplicationListener -- Restart disabled due to context in which it is running

  .   ____          _            __ _ _
 /\\ / ___'_ __ _ _(_)_ __  __ _ \ \ \ \
( ( )\___ | '_ | '_| | '_ \/ _` | \ \ \ \
 \\/  ___)| |_)| | | | | || (_| |  ) ) ) )
  '  |____| .__|_| |_|_| |_\__, | / / / /
 =========|_|==============|___/=/_/_/_/

 :: Spring Boot ::                (v3.4.4)

2025-04-11T22:40:07.594+02:00  INFO 24876 --- [booking-service] [           main] c.e.b.BookingServiceApplicationTests     : Starting BookingServiceApplicationTests using Java 17.0.12 with PID 24876 (started by duckeN in C:\Users\duckeN\Desktop\MapForSport\services\booking\booking-service)
2025-04-11T22:40:07.596+02:00  INFO 24876 --- [booking-service] [           main] c.e.b.BookingServiceApplicationTests     : No active profile set, falling back to 1 default profile: "default"
2025-04-11T22:40:08.336+02:00  INFO 24876 --- [booking-service] [           main] .s.d.r.c.RepositoryConfigurationDelegate : Bootstrapping Spring Data Reactive MongoDB repositories in DEFAULT mode.
2025-04-11T22:40:08.481+02:00  INFO 24876 --- [booking-service] [           main] .s.d.r.c.RepositoryConfigurationDelegate : Finished Spring Data repository scanning in 138 ms. Found 1 Reactive MongoDB repository interface.
2025-04-11T22:40:09.311+02:00  INFO 24876 --- [booking-service] [ug6.mongodb.net] org.mongodb.driver.cluster               : Adding discovered server ac-uzooj7l-shard-00-01.aysoug6.mongodb.net:27017 to client view of cluster
2025-04-11T22:40:09.344+02:00  INFO 24876 --- [booking-service] [           main] org.mongodb.driver.client                : MongoClient with metadata {"driver": {"name": "mongo-java-driver|reactive-streams|spring-boot", "version": "5.2.1"}, "os": {"type": "Windows", "name": "Windows 10", "architecture": "amd64", "version": "10.0"}, "platform": "Java/Oracle Corporation/17.0.12+8-LTS-286"} created with settings MongoClientSettings{readPreference=primary, writeConcern=WriteConcern{w=majority, wTimeout=null ms, journal=null}, retryWrites=true, retryReads=true, readConcern=ReadConcern{level=null}, credential=MongoCredential{mechanism=null, userName='dukenotest', source='admin', password=<hidden>, mechanismProperties=<hidden>}, transportSettings=NettyTransportSettings{eventLoopGroup=io.netty.channel.nio.NioEventLoopGroup@782fd504, socketChannelClass=null, allocator=null, sslContext=null}, commandListeners=[], codecRegistry=ProvidersCodecRegistry{codecProviders=[ValueCodecProvider{}, BsonValueCodecProvider{}, DBRefCodecProvider{}, DBObjectCodecProvider{}, DocumentCodecProvider{}, CollectionCodecProvider{}, IterableCodecProvider{}, MapCodecProvider{}, GeoJsonCodecProvider{}, GridFSFileCodecProvider{}, Jsr310CodecProvider{}, JsonObjectCodecProvider{}, BsonCodecProvider{}, EnumCodecProvider{}, com.mongodb.client.model.mql.ExpressionCodecProvider@1537c744, com.mongodb.Jep395RecordCodecProvider@37314843, com.mongodb.KotlinCodecProvider@50122012]}, loggerSettings=LoggerSettings{maxDocumentLength=1000}, clusterSettings={hosts=[127.0.0.1:27017], srvHost=booking.aysoug6.mongodb.net, srvServiceName=mongodb, mode=MULTIPLE, requiredClusterType=REPLICA_SET, requiredReplicaSetName='atlas-uspqxe-shard-0', serverSelector='null', clusterListeners='[]', serverSelectionTimeout='30000 ms', localThreshold='15 ms'}, socketSettings=SocketSettings{connectTimeoutMS=10000, readTimeoutMS=0, receiveBufferSize=0, proxySettings=ProxySettings{host=null, port=null, username=null, password=null}}, heartbeatSocketSettings=SocketSettings{connectTimeoutMS=10000, readTimeoutMS=10000, receiveBufferSize=0, proxySettings=ProxySettings{host=null, port=null, username=null, password=null}}, connectionPoolSettings=ConnectionPoolSettings{maxSize=100, minSize=0, maxWaitTimeMS=120000, maxConnectionLifeTimeMS=0, maxConnectionIdleTimeMS=0, maintenanceInitialDelayMS=0, maintenanceFrequencyMS=60000, connectionPoolListeners=[], maxConnecting=2}, serverSettings=ServerSettings{heartbeatFrequencyMS=10000, minHeartbeatFrequencyMS=500, serverMonitoringMode=AUTO, serverListeners='[]', serverMonitorListeners='[]'}, sslSettings=SslSettings{enabled=true, invalidHostNameAllowed=false, context=null}, applicationName='null', compressorList=[], uuidRepresentation=JAVA_LEGACY, serverApi=null, autoEncryptionSettings=null, dnsClient=null, inetAddressResolver=null, contextProvider=null, timeoutMS=null}
2025-04-11T22:40:09.352+02:00  INFO 24876 --- [booking-service] [ug6.mongodb.net] org.mongodb.driver.cluster               : Adding discovered server ac-uzooj7l-shard-00-00.aysoug6.mongodb.net:27017 to client view of cluster
2025-04-11T22:40:09.355+02:00  INFO 24876 --- [booking-service] [ug6.mongodb.net] org.mongodb.driver.cluster               : Adding discovered server ac-uzooj7l-shard-00-02.aysoug6.mongodb.net:27017 to client view of cluster
2025-04-11T22:40:09.702+02:00  INFO 24876 --- [booking-service] [           main] c.example.booking.config.RabbitConfig    : Declaring RabbitMQ queue: myQueue
2025-04-11T22:40:09.704+02:00  INFO 24876 --- [booking-service] [           main] c.example.booking.config.RabbitConfig    : Declaring RabbitMQ exchange: myExchange
2025-04-11T22:40:09.705+02:00  INFO 24876 --- [booking-service] [           main] c.example.booking.config.RabbitConfig    : Binding queue myQueue to exchange myExchange with routing key myRoutingKey
2025-04-11T22:40:09.830+02:00  INFO 24876 --- [booking-service] [ngodb.net:27017] org.mongodb.driver.cluster               : Monitor thread successfully connected to server with description ServerDescription{address=ac-uzooj7l-shard-00-02.aysoug6.mongodb.net:27017, type=REPLICA_SET_PRIMARY, cryptd=false, state=CONNECTED, ok=true, minWireVersion=0, maxWireVersion=25, maxDocumentSize=16777216, logicalSessionTimeoutMinutes=30, roundTripTimeNanos=275753000, minRoundTripTimeNanos=0, setName='atlas-uspqxe-shard-0', canonicalAddress=ac-uzooj7l-shard-00-02.aysoug6.mongodb.net:27017, hosts=[ac-uzooj7l-shard-00-00.aysoug6.mongodb.net:27017, ac-uzooj7l-shard-00-01.aysoug6.mongodb.net:27017, ac-uzooj7l-shard-00-02.aysoug6.mongodb.net:27017], passives=[], arbiters=[], primary='ac-uzooj7l-shard-00-02.aysoug6.mongodb.net:27017', tagSet=TagSet{[Tag{name='availabilityZone', value='euc1-az1'}, Tag{name='diskState', value='READY'}, Tag{name='nodeType', value='ELECTABLE'}, Tag{name='provider', value='AWS'}, Tag{name='region', value='EU_CENTRAL_1'}, Tag{name='workloadType', value='OPERATIONAL'}]}, electionId=7fffffff0000000000000330, setVersion=291, topologyVersion=TopologyVersion{processId=67f6e381f7014651ad33f5c9, counter=6}, lastWriteDate=Fri Apr 11 22:40:09 CEST 2025, lastUpdateTimeNanos=8366560568800}
2025-04-11T22:40:09.831+02:00  INFO 24876 --- [booking-service] [ngodb.net:27017] org.mongodb.driver.cluster               : Monitor thread successfully connected to server with description ServerDescription{address=ac-uzooj7l-shard-00-01.aysoug6.mongodb.net:27017, type=REPLICA_SET_SECONDARY, cryptd=false, state=CONNECTED, ok=true, minWireVersion=0, maxWireVersion=25, maxDocumentSize=16777216, logicalSessionTimeoutMinutes=30, roundTripTimeNanos=275725300, minRoundTripTimeNanos=0, setName='atlas-uspqxe-shard-0', canonicalAddress=ac-uzooj7l-shard-00-01.aysoug6.mongodb.net:27017, hosts=[ac-uzooj7l-shard-00-00.aysoug6.mongodb.net:27017, ac-uzooj7l-shard-00-01.aysoug6.mongodb.net:27017, ac-uzooj7l-shard-00-02.aysoug6.mongodb.net:27017], passives=[], arbiters=[], primary='ac-uzooj7l-shard-00-02.aysoug6.mongodb.net:27017', tagSet=TagSet{[Tag{name='availabilityZone', value='euc1-az3'}, Tag{name='diskState', value='READY'}, Tag{name='nodeType', value='ELECTABLE'}, Tag{name='provider', value='AWS'}, Tag{name='region', value='EU_CENTRAL_1'}, Tag{name='workloadType', value='OPERATIONAL'}]}, electionId=null, setVersion=291, topologyVersion=TopologyVersion{processId=67f6e5e1a7d37d2d1c04dceb, counter=3}, lastWriteDate=Fri Apr 11 22:40:09 GMT+02:00 2025, lastUpdateTimeNanos=8366560568900}
2025-04-11T22:40:09.831+02:00  INFO 24876 --- [booking-service] [ngodb.net:27017] org.mongodb.driver.cluster               : Monitor thread successfully connected to server with description ServerDescription{address=ac-uzooj7l-shard-00-00.aysoug6.mongodb.net:27017, type=REPLICA_SET_SECONDARY, cryptd=false, state=CONNECTED, ok=true, minWireVersion=0, maxWireVersion=25, maxDocumentSize=16777216, logicalSessionTimeoutMinutes=30, roundTripTimeNanos=275748400, minRoundTripTimeNanos=0, setName='atlas-uspqxe-shard-0', canonicalAddress=ac-uzooj7l-shard-00-00.aysoug6.mongodb.net:27017, hosts=[ac-uzooj7l-shard-00-00.aysoug6.mongodb.net:27017, ac-uzooj7l-shard-00-01.aysoug6.mongodb.net:27017, ac-uzooj7l-shard-00-02.aysoug6.mongodb.net:27017], passives=[], arbiters=[], primary='ac-uzooj7l-shard-00-02.aysoug6.mongodb.net:27017', tagSet=TagSet{[Tag{name='availabilityZone', value='euc1-az2'}, Tag{name='diskState', value='READY'}, Tag{name='nodeType', value='ELECTABLE'}, Tag{name='provider', value='AWS'}, Tag{name='region', value='EU_CENTRAL_1'}, Tag{name='workloadType', value='OPERATIONAL'}]}, electionId=null, setVersion=291, topologyVersion=TopologyVersion{processId=67f6e4797647f6f5e262f331, counter=4}, lastWriteDate=Fri Apr 11 22:40:09 GMT+02:00 2025, lastUpdateTimeNanos=8366560568999}
2025-04-11T22:40:09.834+02:00  INFO 24876 --- [booking-service] [ngodb.net:27017] org.mongodb.driver.cluster               : Discovered replica set primary ac-uzooj7l-shard-00-02.aysoug6.mongodb.net:27017 with max election id 7fffffff0000000000000330 and max set version 291
2025-04-11T22:40:10.036+02:00  INFO 24876 --- [booking-service] [           main] o.s.v.b.OptionalValidatorFactoryBean     : Failed to set up a Bean Validation provider: jakarta.validation.NoProviderFoundException: Unable to create a Configuration, because no Jakarta Bean Validation provider could be found. Add a provider like Hibernate Validator (RI) to your classpath.
2025-04-11T22:40:10.427+02:00  INFO 24876 --- [booking-service] [           main] o.s.a.r.c.CachingConnectionFactory       : Attempting to connect to: [localhost:5672]
2025-04-11T22:40:10.435+02:00  INFO 24876 --- [booking-service] [           main] o.s.a.r.l.SimpleMessageListenerContainer : Broker not available; cannot force queue declarations during start: java.net.ConnectException: Connection refused: no further information
2025-04-11T22:40:10.444+02:00  INFO 24876 --- [booking-service] [ntContainer#0-1] o.s.a.r.c.CachingConnectionFactory       : Attempting to connect to: [localhost:5672]
2025-04-11T22:40:10.446+02:00 ERROR 24876 --- [booking-service] [ntContainer#0-1] o.s.a.r.l.SimpleMessageListenerContainer : Failed to check/redeclare auto-delete queue(s).

org.springframework.amqp.AmqpConnectException: java.net.ConnectException: Connection refused: no further information
	at org.springframework.amqp.rabbit.support.RabbitExceptionTranslator.convertRabbitAccessException(RabbitExceptionTranslator.java:61) ~[spring-rabbit-3.2.4.jar:3.2.4]
	at org.springframework.amqp.rabbit.connection.AbstractConnectionFactory.createBareConnection(AbstractConnectionFactory.java:632) ~[spring-rabbit-3.2.4.jar:3.2.4]
	at org.springframework.amqp.rabbit.connection.CachingConnectionFactory.createConnection(CachingConnectionFactory.java:726) ~[spring-rabbit-3.2.4.jar:3.2.4]
	at org.springframework.amqp.rabbit.connection.ConnectionFactoryUtils.createConnection(ConnectionFactoryUtils.java:257) ~[spring-rabbit-3.2.4.jar:3.2.4]
	at org.springframework.amqp.rabbit.core.RabbitTemplate.doExecute(RabbitTemplate.java:2262) ~[spring-rabbit-3.2.4.jar:3.2.4]
	at org.springframework.amqp.rabbit.core.RabbitTemplate.execute(RabbitTemplate.java:2235) ~[spring-rabbit-3.2.4.jar:3.2.4]
	at org.springframework.amqp.rabbit.core.RabbitTemplate.execute(RabbitTemplate.java:2215) ~[spring-rabbit-3.2.4.jar:3.2.4]
	at org.springframework.amqp.rabbit.core.RabbitAdmin.getQueueInfo(RabbitAdmin.java:467) ~[spring-rabbit-3.2.4.jar:3.2.4]
	at org.springframework.amqp.rabbit.core.RabbitAdmin.getQueueProperties(RabbitAdmin.java:451) ~[spring-rabbit-3.2.4.jar:3.2.4]
	at org.springframework.amqp.rabbit.listener.AbstractMessageListenerContainer.attemptDeclarations(AbstractMessageListenerContainer.java:1972) ~[spring-rabbit-3.2.4.jar:3.2.4]
	at org.springframework.amqp.rabbit.listener.AbstractMessageListenerContainer.redeclareElementsIfNecessary(AbstractMessageListenerContainer.java:1936) ~[spring-rabbit-3.2.4.jar:3.2.4]
	at org.springframework.amqp.rabbit.listener.SimpleMessageListenerContainer$AsyncMessageProcessingConsumer.initialize(SimpleMessageListenerContainer.java:1481) ~[spring-rabbit-3.2.4.jar:3.2.4]
	at org.springframework.amqp.rabbit.listener.SimpleMessageListenerContainer$AsyncMessageProcessingConsumer.run(SimpleMessageListenerContainer.java:1322) ~[spring-rabbit-3.2.4.jar:3.2.4]
	at java.base/java.lang.Thread.run(Thread.java:842) ~[na:na]
Caused by: java.net.ConnectException: Connection refused: no further information
	at java.base/sun.nio.ch.Net.pollConnect(Native Method) ~[na:na]
	at java.base/sun.nio.ch.Net.pollConnectNow(Net.java:672) ~[na:na]
	at java.base/sun.nio.ch.NioSocketImpl.timedFinishConnect(NioSocketImpl.java:547) ~[na:na]
	at java.base/sun.nio.ch.NioSocketImpl.connect(NioSocketImpl.java:602) ~[na:na]
	at java.base/java.net.SocksSocketImpl.connect(SocksSocketImpl.java:327) ~[na:na]
	at java.base/java.net.Socket.connect(Socket.java:633) ~[na:na]
	at com.rabbitmq.client.impl.SocketFrameHandlerFactory.create(SocketFrameHandlerFactory.java:61) ~[amqp-client-5.22.0.jar:5.22.0]
	at com.rabbitmq.client.ConnectionFactory.newConnection(ConnectionFactory.java:1249) ~[amqp-client-5.22.0.jar:5.22.0]
	at com.rabbitmq.client.ConnectionFactory.newConnection(ConnectionFactory.java:1198) ~[amqp-client-5.22.0.jar:5.22.0]
	at org.springframework.amqp.rabbit.connection.AbstractConnectionFactory.connectAddresses(AbstractConnectionFactory.java:678) ~[spring-rabbit-3.2.4.jar:3.2.4]
	at org.springframework.amqp.rabbit.connection.AbstractConnectionFactory.connect(AbstractConnectionFactory.java:647) ~[spring-rabbit-3.2.4.jar:3.2.4]
	at org.springframework.amqp.rabbit.connection.AbstractConnectionFactory.createBareConnection(AbstractConnectionFactory.java:593) ~[spring-rabbit-3.2.4.jar:3.2.4]
	... 12 common frames omitted

2025-04-11T22:40:10.453+02:00  INFO 24876 --- [booking-service] [ntContainer#0-1] o.s.a.r.c.CachingConnectionFactory       : Attempting to connect to: [localhost:5672]
2025-04-11T22:40:10.462+02:00  INFO 24876 --- [booking-service] [           main] c.e.b.BookingServiceApplicationTests     : Started BookingServiceApplicationTests in 3.152 seconds (process running for 4.134)
]]></system-out>
  </testcase>
</testsuite>